<?xml version="1.0" encoding="UTF-8"?>
<!-- Generated by org.testng.reporters.JUnitReportReporter -->
<testsuite hostname="DESKTOP-6IBQ8RK" failures="0" tests="1" name="SeleniumFramework.E2EProject.User_Info" time="5.476" errors="0" timestamp="2021-01-23T19:24:16 IST" skipped="0">
  <testcase classname="SeleniumFramework.E2EProject.User_Info" name="userDetails" time="5.476"/>
  <system-out/>
</testsuite> <!-- SeleniumFramework.E2EProject.User_Info -->
