<?xml version="1.0" encoding="UTF-8"?>
<!-- Generated by org.testng.reporters.JUnitReportReporter -->
<testsuite hostname="DESKTOP-6IBQ8RK" failures="0" tests="1" name="SeleniumFramework.E2EProject.validateNavigationBar" time="0.279" errors="0" timestamp="2021-01-23T18:58:33 IST" skipped="0">
  <testcase classname="SeleniumFramework.E2EProject.validateNavigationBar" name="basePageNavigation" time="0.279"/>
  <system-out/>
</testsuite> <!-- SeleniumFramework.E2EProject.validateNavigationBar -->
