<?xml version="1.0" encoding="UTF-8"?>
<!-- Generated by org.testng.reporters.JUnitReportReporter -->
<testsuite hostname="DESKTOP-6IBQ8RK" failures="0" tests="1" name="SeleniumFramework.E2EProject.Flight_Booking" time="3.585" errors="0" timestamp="2021-01-23T19:23:15 IST" skipped="0">
  <testcase classname="SeleniumFramework.E2EProject.Flight_Booking" name="selectFlight" time="3.585"/>
  <system-out/>
</testsuite> <!-- SeleniumFramework.E2EProject.Flight_Booking -->
