<?xml version="1.0" encoding="UTF-8"?>
<!-- Generated by org.testng.reporters.JUnitReportReporter -->
<testsuite hostname="DESKTOP-6IBQ8RK" failures="0" tests="1" name="SeleniumFramework.E2EProject.LoginPageNavigation" time="3.466" errors="0" timestamp="2021-01-23T19:37:05 IST" skipped="0">
  <testcase classname="SeleniumFramework.E2EProject.LoginPageNavigation" name="homePageNavigation" time="3.466"/>
  <system-out/>
</testsuite> <!-- SeleniumFramework.E2EProject.LoginPageNavigation -->
