<?xml version="1.0" encoding="UTF-8"?>
<!-- Generated by org.testng.reporters.JUnitReportReporter -->
<testsuite hostname="DESKTOP-6IBQ8RK" failures="0" tests="1" name="APITesting.Basics" time="8.294" errors="0" timestamp="2020-12-23T15:36:40 IST" skipped="0">
  <testcase classname="APITesting.Basics" name="checkSize" time="8.294"/>
  <system-out/>
</testsuite> <!-- APITesting.Basics -->
